<?xml version="1.0" encoding="UTF-8"?>
<!-- Generated by org.testng.reporters.JUnitReportReporter -->
<testsuite hostname="SRINIVASAN" failures="0" tests="3" name="SeleniumFirst.DemoLoginPage" time="223.402" errors="0" timestamp="2019-11-18T12:09:42 IST" skipped="0">
  <testcase classname="SeleniumFirst.DemoLoginPage" name="loginAutomationTest" time="60.476"/>
  <testcase classname="SeleniumFirst.DemoLoginPage" name="loginAutomationTest" time="44.650"/>
  <testcase classname="SeleniumFirst.DemoLoginPage" name="loginAutomationTest" time="118.276"/>
</testsuite> <!-- SeleniumFirst.DemoLoginPage -->
